********************************************************************************
product = Open Liberty 21.0.0.10 (wlp-1.0.57.cl211020210920-1900)
wlp.install.dir = /home/meridiane/Documentos/Dados/vscode/exerc2/target/liberty/wlp/
java.home = /usr/lib/jvm/java-11-openjdk-amd64
java.version = 11.0.11
java.runtime = OpenJDK Runtime Environment (11.0.11+9-Ubuntu-0ubuntu2.18.04)
os = Linux (5.4.0-89-generic; amd64) (pt_BR)
process = 25795@meridiane-Lenovo-ideapad-330S-14IKB
********************************************************************************
[27/10/2021 21:08:52:442 BRT] 00000001 com.ibm.ws.kernel.launch.internal.FrameworkManager           A CWWKE0001I: O servidor exerc2 foi ativado.
[27/10/2021 21:08:52:954 BRT] 00000001 com.ibm.ws.kernel.launch.internal.FrameworkManager           I CWWKE0002I: O kernel foi iniciado após 0,695 segundos
[27/10/2021 21:08:52:964 BRT] 00000023 com.ibm.ws.kernel.feature.internal.FeatureManager            I CWWKF0007I: Atualização do recurso iniciada.
[27/10/2021 21:08:53:136 BRT] 0000001b com.ibm.ws.app.manager.internal.monitor.DropinMonitor        A CWWKZ0058I: Monitorando dropins para aplicativos.
[27/10/2021 21:08:53:422 BRT] 00000017 org.apache.cxf.bus.osgi.CXFActivator                         I Adding the extensions from bundle com.ibm.ws.org.apache.cxf.cxf.rt.bindings.soap.2.6.2 (92) [org.apache.cxf.binding.soap.SoapBindingFactory, org.apache.cxf.binding.soap.SoapTransportFactory]
[27/10/2021 21:08:53:424 BRT] 00000017 org.apache.cxf.bus.osgi.CXFActivator                         I Adding the extensions from bundle com.ibm.ws.org.apache.cxf.cxf.rt.bindings.xml.2.6.2 (93) [org.apache.cxf.binding.xml.XMLBindingFactory, org.apache.cxf.binding.xml.wsdl11.XMLWSDLExtensionLoader]
[27/10/2021 21:08:53:425 BRT] 00000017 org.apache.cxf.bus.osgi.CXFActivator                         I Adding the extensions from bundle com.ibm.ws.org.apache.cxf.cxf.rt.frontend.jaxws.2.6.2 (96) [org.apache.cxf.jaxws.context.WebServiceContextResourceResolver]
[27/10/2021 21:08:53:426 BRT] 00000017 org.apache.cxf.bus.osgi.CXFActivator                         I Adding the extensions from bundle com.ibm.ws.org.apache.cxf.cxf.rt.management.2.6.2 (98) [org.apache.cxf.management.InstrumentationManager]
[27/10/2021 21:08:53:427 BRT] 00000017 org.apache.cxf.bus.osgi.CXFActivator                         I Adding the extensions from bundle com.ibm.ws.org.apache.cxf.cxf.rt.transports.http.2.6.2 (99) [org.apache.cxf.transport.http.HTTPTransportFactory, org.apache.cxf.transport.http.HTTPWSDLExtensionLoader, org.apache.cxf.transport.http.policy.HTTPClientAssertionBuilder, org.apache.cxf.transport.http.policy.HTTPServerAssertionBuilder, org.apache.cxf.transport.http.policy.NoOpPolicyInterceptorProvider]
[27/10/2021 21:08:53:428 BRT] 00000017 org.apache.cxf.bus.osgi.CXFActivator                         I Adding the extensions from bundle com.ibm.ws.org.apache.cxf.cxf.rt.ws.addr.2.6.2 (100) [org.apache.cxf.ws.addressing.policy.AddressingAssertionBuilder, org.apache.cxf.ws.addressing.policy.UsingAddressingAssertionBuilder, org.apache.cxf.ws.addressing.policy.AddressingPolicyInterceptorProvider, org.apache.cxf.ws.addressing.impl.AddressingWSDLExtensionLoader, org.apache.cxf.ws.addressing.WSAddressingFeature$WSAddressingFeatureApplier, org.apache.cxf.ws.addressing.MAPAggregator$MAPAggregatorLoader]
[27/10/2021 21:08:53:429 BRT] 00000017 org.apache.cxf.bus.osgi.CXFActivator                         I Adding the extensions from bundle com.ibm.ws.org.apache.cxf.cxf.rt.ws.policy.2.6.2 (101) [org.apache.cxf.ws.policy.PolicyEngine, org.apache.cxf.policy.PolicyDataEngine, org.apache.cxf.ws.policy.AssertionBuilderRegistry, org.apache.cxf.ws.policy.PolicyInterceptorProviderRegistry, org.apache.cxf.ws.policy.PolicyBuilder, org.apache.cxf.ws.policy.PolicyAnnotationListener, org.apache.cxf.ws.policy.attachment.ServiceModelPolicyProvider, org.apache.cxf.ws.policy.attachment.external.DomainExpressionBuilderRegistry, org.apache.cxf.ws.policy.attachment.external.EndpointReferenceDomainExpressionBuilder, org.apache.cxf.ws.policy.attachment.wsdl11.Wsdl11AttachmentPolicyProvider, org.apache.cxf.ws.policy.mtom.MTOMAssertionBuilder, org.apache.cxf.ws.policy.mtom.MTOMPolicyInterceptorProvider]
[27/10/2021 21:08:53:705 BRT] 0000002d com.ibm.ws.app.manager.AppMessageHelper                      I CWWKZ0018I: Iniciando o aplicativo exerc2.
[27/10/2021 21:08:53:706 BRT] 0000002d bm.ws.app.manager.war.internal.WARDeployedAppInfoFactoryImpl I CWWKZ0134I: O aplicativo exerc2 está usando a definição de aplicativo indefinido no local /home/meridiane/Documentos/Dados/vscode/exerc2/target/liberty/wlp/usr/servers/exerc2/apps/exerc2.war.xml.
[27/10/2021 21:08:54:311 BRT] 0000002d com.ibm.ws.session.WASSessionCore                            I SESN8501I: O gerenciador de sessões não localizou um local de armazenamento persistente; objetos HttpSession serão armazenados na memória do servidor de aplicativos local.
[27/10/2021 21:08:54:317 BRT] 0000002d com.ibm.ws.webcontainer.osgi.webapp.WebGroup                 I SRVE0169I: Carregando o Módulo da Web: exerc2.
[27/10/2021 21:08:54:320 BRT] 0000002d com.ibm.ws.webcontainer                                      I SRVE0250I: O Módulo da Web exerc2 foi ligado ao default_host.
[27/10/2021 21:08:54:321 BRT] 0000002d com.ibm.ws.http.internal.VirtualHostImpl                     A CWWKT0016I: Aplicativo da Web disponível (default_host): http://localhost:9080/
[27/10/2021 21:08:54:357 BRT] 00000035 com.ibm.ws.webcontainer.osgi.mbeans.PluginGenerator          I SRVE9103I: Um arquivo de configuração para um plug-in de servidor da web foi automaticamente gerado para este servidor em /home/meridiane/Documentos/Dados/vscode/exerc2/target/liberty/wlp/usr/servers/exerc2/logs/state/plugin-cfg.xml.
[27/10/2021 21:08:54:388 BRT] 00000034 org.apache.cxf.management.jmx.InstrumentationManagerImpl     I registering MBean org.apache.cxf:bus.id=exerc2-Client-Bus,type=Bus,instance.id=1613032840: org.apache.cxf.bus.ManagedBus@2b1ec65e
[27/10/2021 21:08:54:398 BRT] 00000034 org.apache.cxf.management.jmx.InstrumentationManagerImpl     I registered org.apache.cxf:bus.id=exerc2-Client-Bus,type=Bus,instance.id=1613032840
[27/10/2021 21:08:54:438 BRT] 00000034 org.apache.cxf.management.jmx.InstrumentationManagerImpl     I registering MBean org.apache.cxf:bus.id=exerc2-Client-Bus,WorkQueueManager=Bus.WorkQueueManager,type=WorkQueueManager,instance.id=1873942136: org.apache.cxf.bus.managers.WorkQueueManagerImplMBeanWrapper@1da8516b
[27/10/2021 21:08:54:478 BRT] 00000034 com.ibm.ws.session.WASSessionCore                            I SESN0176I: Um novo contexto de sessão será criado para a chave do aplicativo default_host/
[27/10/2021 21:08:54:485 BRT] 00000034 com.ibm.ws.util                                              I SESN0172I: O gerenciador de sessões está usando a implementação SecureRandom padrão Java para geração do ID de sessão.
[27/10/2021 21:08:54:511 BRT] 00000034 com.ibm.ws.app.manager.AppMessageHelper                      A CWWKZ0001I: O aplicativo exerc2 foi iniciado em 0,806 segundos.
[27/10/2021 21:08:54:525 BRT] 00000023 com.ibm.ws.tcpchannel.internal.TCPPort                       I CWWKO0219I: O Canal TCP defaultHttpEndpoint foi iniciado e agora está atendendo solicitações no host localhost  (IPv4: 127.0.0.1) porta 9080.
[27/10/2021 21:08:54:547 BRT] 00000023 com.ibm.ws.kernel.feature.internal.FeatureManager            A CWWKF0012I: O servidor instalou os recursos a seguir: [jaxb-2.2, jaxws-2.2, servlet-4.0].
[27/10/2021 21:08:54:548 BRT] 00000023 com.ibm.ws.kernel.feature.internal.FeatureManager            I CWWKF0008I: Atualização do recurso concluída em 1,593 segundos.
[27/10/2021 21:08:54:548 BRT] 00000023 com.ibm.ws.kernel.feature.internal.FeatureManager            A CWWKF0011I: O servidor exerc2 está pronto para gerenciar um planeta mais inteligente. O servidor exerc2 foi iniciado em 2,290 segundos.
[27/10/2021 21:08:57:291 BRT] 0000002d com.ibm.ws.http.internal.VirtualHostImpl                     A CWWKT0017I: Aplicativo da Web removido (default_host): http://localhost:9080/
[27/10/2021 21:08:57:322 BRT] 0000002d com.ibm.ws.app.manager.AppMessageHelper                      A CWWKZ0009I: O aplicativo exerc2 foi interrompido com sucesso.
[27/10/2021 21:08:57:342 BRT] 0000002d com.ibm.ws.app.manager.AppMessageHelper                      I CWWKZ0018I: Iniciando o aplicativo exerc2.
[27/10/2021 21:08:57:342 BRT] 0000002d bm.ws.app.manager.war.internal.WARDeployedAppInfoFactoryImpl I CWWKZ0134I: O aplicativo exerc2 está usando a definição de aplicativo indefinido no local /home/meridiane/Documentos/Dados/vscode/exerc2/target/liberty/wlp/usr/servers/exerc2/apps/exerc2.war.xml.
[27/10/2021 21:08:57:485 BRT] 0000002d com.ibm.ws.webcontainer.osgi.webapp.WebGroup                 I SRVE0169I: Carregando o Módulo da Web: exerc2.
[27/10/2021 21:08:57:485 BRT] 0000002d com.ibm.ws.webcontainer                                      I SRVE0250I: O Módulo da Web exerc2 foi ligado ao default_host.
[27/10/2021 21:08:57:486 BRT] 0000002d com.ibm.ws.http.internal.VirtualHostImpl                     A CWWKT0016I: Aplicativo da Web disponível (default_host): http://localhost:9080/
[27/10/2021 21:08:57:495 BRT] 00000039 org.apache.cxf.management.jmx.InstrumentationManagerImpl     I registering MBean org.apache.cxf:bus.id=exerc2-Client-Bus,type=Bus,instance.id=1580625155: org.apache.cxf.bus.ManagedBus@51682d84
[27/10/2021 21:08:57:496 BRT] 00000039 org.apache.cxf.management.jmx.InstrumentationManagerImpl     I registered org.apache.cxf:bus.id=exerc2-Client-Bus,type=Bus,instance.id=1580625155
[27/10/2021 21:08:57:499 BRT] 00000039 org.apache.cxf.management.jmx.InstrumentationManagerImpl     I registering MBean org.apache.cxf:bus.id=exerc2-Client-Bus,WorkQueueManager=Bus.WorkQueueManager,type=WorkQueueManager,instance.id=671170316: org.apache.cxf.bus.managers.WorkQueueManagerImplMBeanWrapper@4532017a
[27/10/2021 21:08:57:507 BRT] 00000039 com.ibm.ws.session.WASSessionCore                            I SESN0176I: Um novo contexto de sessão será criado para a chave do aplicativo default_host/
[27/10/2021 21:08:57:507 BRT] 00000039 com.ibm.ws.util                                              I SESN0172I: O gerenciador de sessões está usando a implementação SecureRandom padrão Java para geração do ID de sessão.
[27/10/2021 21:08:57:510 BRT] 00000039 com.ibm.ws.app.manager.AppMessageHelper                      A CWWKZ0003I: O aplicativo exerc2 foi atualizado em 0,168 segundos.
[27/10/2021 21:08:57:639 BRT] 00000036 com.ibm.ws.webcontainer.osgi.mbeans.PluginGenerator          I SRVE9103I: Um arquivo de configuração para um plug-in de servidor da web foi automaticamente gerado para este servidor em /home/meridiane/Documentos/Dados/vscode/exerc2/target/liberty/wlp/usr/servers/exerc2/logs/state/plugin-cfg.xml.
[27/10/2021 21:08:57:716 BRT] 00000035 com.ibm.ws.webcontainer.osgi.mbeans.PluginGenerator          I SRVE9103I: Um arquivo de configuração para um plug-in de servidor da web foi automaticamente gerado para este servidor em /home/meridiane/Documentos/Dados/vscode/exerc2/target/liberty/wlp/usr/servers/exerc2/logs/state/plugin-cfg.xml.
[27/10/2021 21:09:16:038 BRT] 00000029 org.apache.cxf.management.jmx.InstrumentationManagerImpl     I registering MBean org.apache.cxf:bus.id=exerc2-Server-Bus,type=Bus,instance.id=1565488720: org.apache.cxf.bus.ManagedBus@14fb4fc
[27/10/2021 21:09:16:039 BRT] 00000029 org.apache.cxf.management.jmx.InstrumentationManagerImpl     I registered org.apache.cxf:bus.id=exerc2-Server-Bus,type=Bus,instance.id=1565488720
[27/10/2021 21:09:16:041 BRT] 00000029 org.apache.cxf.management.jmx.InstrumentationManagerImpl     I registering MBean org.apache.cxf:bus.id=exerc2-Server-Bus,WorkQueueManager=Bus.WorkQueueManager,type=WorkQueueManager,instance.id=279572819: org.apache.cxf.bus.managers.WorkQueueManagerImplMBeanWrapper@36f2e8e0
[27/10/2021 21:09:16:329 BRT] 00000029 org.apache.cxf.endpoint.ServerImpl                           I Setting the server's publish address to be /Big
[27/10/2021 21:09:16:334 BRT] 00000029 org.apache.cxf.management.jmx.InstrumentationManagerImpl     I registering MBean org.apache.cxf:bus.id=exerc2-Server-Bus,type=Bus.Service.Endpoint,service="{http://exerc2.webservicexml/}Big",port="BigPort",instance.id=1996629807: org.apache.cxf.endpoint.ManagedEndpoint@5101ea60
[27/10/2021 21:09:16:343 BRT] 00000029 com.ibm.ws.webcontainer.servlet                              I SRVE0242I: [exerc2] [/] [webservicexml.exerc2.MyBigWS]: Inicialização bem sucedida.
[27/10/2021 21:11:50:376 BRT] 00000023 com.ibm.ws.http.internal.VirtualHostImpl                     A CWWKT0017I: Aplicativo da Web removido (default_host): http://localhost:9080/
[27/10/2021 21:11:50:384 BRT] 00000023 com.ibm.ws.webcontainer.servlet                              I SRVE0253I: [exerc2] [/] [webservicexml.exerc2.MyBigWS]: Destruição bem sucedida.
[27/10/2021 21:11:50:392 BRT] 00000023 com.ibm.ws.app.manager.AppMessageHelper                      A CWWKZ0009I: O aplicativo exerc2 foi interrompido com sucesso.
[27/10/2021 21:11:50:399 BRT] 00000023 com.ibm.ws.app.manager.AppMessageHelper                      I CWWKZ0018I: Iniciando o aplicativo exerc2.
[27/10/2021 21:11:50:400 BRT] 00000023 bm.ws.app.manager.war.internal.WARDeployedAppInfoFactoryImpl I CWWKZ0134I: O aplicativo exerc2 está usando a definição de aplicativo indefinido no local /home/meridiane/Documentos/Dados/vscode/exerc2/target/liberty/wlp/usr/servers/exerc2/apps/exerc2.war.xml.
[27/10/2021 21:11:50:489 BRT] 00000025 com.ibm.ws.webcontainer.osgi.mbeans.PluginGenerator          I SRVE9103I: Um arquivo de configuração para um plug-in de servidor da web foi automaticamente gerado para este servidor em /home/meridiane/Documentos/Dados/vscode/exerc2/target/liberty/wlp/usr/servers/exerc2/logs/state/plugin-cfg.xml.
[27/10/2021 21:11:50:522 BRT] 00000023 com.ibm.ws.webcontainer.osgi.webapp.WebGroup                 I SRVE0169I: Carregando o Módulo da Web: exerc2.
[27/10/2021 21:11:50:522 BRT] 00000023 com.ibm.ws.webcontainer                                      I SRVE0250I: O Módulo da Web exerc2 foi ligado ao default_host.
[27/10/2021 21:11:50:523 BRT] 00000023 com.ibm.ws.http.internal.VirtualHostImpl                     A CWWKT0016I: Aplicativo da Web disponível (default_host): http://localhost:9080/
[27/10/2021 21:11:50:530 BRT] 00000033 org.apache.cxf.management.jmx.InstrumentationManagerImpl     I registering MBean org.apache.cxf:bus.id=exerc2-Client-Bus,type=Bus,instance.id=1038261116: org.apache.cxf.bus.ManagedBus@804504b
[27/10/2021 21:11:50:531 BRT] 00000033 org.apache.cxf.management.jmx.InstrumentationManagerImpl     I registered org.apache.cxf:bus.id=exerc2-Client-Bus,type=Bus,instance.id=1038261116
[27/10/2021 21:11:50:533 BRT] 00000033 org.apache.cxf.management.jmx.InstrumentationManagerImpl     I registering MBean org.apache.cxf:bus.id=exerc2-Client-Bus,WorkQueueManager=Bus.WorkQueueManager,type=WorkQueueManager,instance.id=259454352: org.apache.cxf.bus.managers.WorkQueueManagerImplMBeanWrapper@26e6b679
[27/10/2021 21:11:50:539 BRT] 00000033 com.ibm.ws.session.WASSessionCore                            I SESN0176I: Um novo contexto de sessão será criado para a chave do aplicativo default_host/
[27/10/2021 21:11:50:539 BRT] 00000033 com.ibm.ws.util                                              I SESN0172I: O gerenciador de sessões está usando a implementação SecureRandom padrão Java para geração do ID de sessão.
[27/10/2021 21:11:50:542 BRT] 00000033 com.ibm.ws.app.manager.AppMessageHelper                      A CWWKZ0003I: O aplicativo exerc2 foi atualizado em 0,143 segundos.
[27/10/2021 21:11:50:593 BRT] 0000003a com.ibm.ws.webcontainer.osgi.mbeans.PluginGenerator          I SRVE9103I: Um arquivo de configuração para um plug-in de servidor da web foi automaticamente gerado para este servidor em /home/meridiane/Documentos/Dados/vscode/exerc2/target/liberty/wlp/usr/servers/exerc2/logs/state/plugin-cfg.xml.
[27/10/2021 21:12:02:747 BRT] 00000023 org.apache.cxf.management.jmx.InstrumentationManagerImpl     I registering MBean org.apache.cxf:bus.id=exerc2-Server-Bus,type=Bus,instance.id=1637621120: org.apache.cxf.bus.ManagedBus@45187349
[27/10/2021 21:12:02:748 BRT] 00000023 org.apache.cxf.management.jmx.InstrumentationManagerImpl     I registered org.apache.cxf:bus.id=exerc2-Server-Bus,type=Bus,instance.id=1637621120
[27/10/2021 21:12:02:750 BRT] 00000023 org.apache.cxf.management.jmx.InstrumentationManagerImpl     I registering MBean org.apache.cxf:bus.id=exerc2-Server-Bus,WorkQueueManager=Bus.WorkQueueManager,type=WorkQueueManager,instance.id=267015542: org.apache.cxf.bus.managers.WorkQueueManagerImplMBeanWrapper@e9b2916
[27/10/2021 21:12:02:787 BRT] 00000023 org.apache.cxf.endpoint.ServerImpl                           I Setting the server's publish address to be /Big
[27/10/2021 21:12:02:787 BRT] 00000023 org.apache.cxf.management.jmx.InstrumentationManagerImpl     I registering MBean org.apache.cxf:bus.id=exerc2-Server-Bus,type=Bus.Service.Endpoint,service="{http://exerc2.webservicexml/}Big",port="BigPort",instance.id=490035834: org.apache.cxf.endpoint.ManagedEndpoint@73e771f7
[27/10/2021 21:12:02:789 BRT] 00000023 com.ibm.ws.webcontainer.servlet                              I SRVE0242I: [exerc2] [/] [webservicexml.exerc2.MyBigWS]: Inicialização bem sucedida.
[27/10/2021 21:12:02:824 BRT] 00000025 com.ibm.ws.webcontainer.servlet                              I SRVE0242I: [exerc2] [/] [webservicexml.exerc2.Ui]: Inicialização bem sucedida.
[27/10/2021 21:12:03:097 BRT] 00000025 SystemOut                                                    O 4
[27/10/2021 21:25:26:995 BRT] 00000013 com.ibm.ws.kernel.launch.internal.FrameworkManager           A CWWKE0085I: O servidor exerc2 está parando porque a JVM está saindo.
[27/10/2021 21:25:27:000 BRT] 00000045 com.ibm.ws.runtime.update.internal.RuntimeUpdateManagerImpl  A CWWKE1100I: Aguardando até 30 segundos para o servidor ser colocado em modo quiesce.
[27/10/2021 21:25:27:013 BRT] 00000033 com.ibm.ws.tcpchannel.internal.TCPChannel                    I CWWKO0220I: O Canal TCP defaultHttpEndpoint interrompeu o atendimento das solicitações no host localhost  (IPv4: 127.0.0.1) porta 9080.
[27/10/2021 21:25:27:016 BRT] 00000033 com.ibm.ws.http.internal.VirtualHostImpl                     A CWWKT0017I: Aplicativo da Web removido (default_host): http://localhost:9080/
[27/10/2021 21:25:27:185 BRT] 00000014 com.ibm.ws.kernel.launch.internal.ServerCommandListener      A CWWKE0055I: Encerramento do servidor solicitado em quarta-feira, 27 de outubro de 2021 às 21:25. O servidor exerc2 está sendo encerrado.
[27/10/2021 21:25:28:020 BRT] 00000045 com.ibm.ws.runtime.update.internal.RuntimeUpdateManagerImpl  I CWWKE1101I: Colocação em modo quiesce do servidor concluída.
[27/10/2021 21:25:28:063 BRT] 0000002c com.ibm.ws.app.manager.AppMessageHelper                      A CWWKZ0009I: O aplicativo exerc2 foi interrompido com sucesso.
[27/10/2021 21:25:28:414 BRT] 00000001 com.ibm.ws.kernel.launch.internal.FrameworkManager           A CWWKE0036I: O servidor exerc2 foi interrompido depois de 16 minutos, 36,156 segundos.
