********************************************************************************
product = Open Liberty 21.0.0.10 (wlp-1.0.57.cl211020210920-1900)
wlp.install.dir = /home/meridiane/Documentos/Dados/vscode/exerc2/target/liberty/wlp/
java.home = /usr/lib/jvm/java-11-openjdk-amd64
java.version = 11.0.11
java.runtime = OpenJDK Runtime Environment (11.0.11+9-Ubuntu-0ubuntu2.18.04)
os = Linux (5.4.0-89-generic; amd64) (pt_BR)
process = 23082@meridiane-Lenovo-ideapad-330S-14IKB
********************************************************************************
[27/10/2021 20:54:00:929 BRT] 00000001 com.ibm.ws.kernel.launch.internal.FrameworkManager           A CWWKE0001I: O servidor exerc2 foi ativado.
[27/10/2021 20:54:01:422 BRT] 00000001 com.ibm.ws.kernel.launch.internal.FrameworkManager           I CWWKE0002I: O kernel foi iniciado após 0,701 segundos
[27/10/2021 20:54:01:429 BRT] 00000023 com.ibm.ws.kernel.feature.internal.FeatureManager            I CWWKF0007I: Atualização do recurso iniciada.
[27/10/2021 20:54:01:593 BRT] 0000001a com.ibm.ws.app.manager.internal.monitor.DropinMonitor        A CWWKZ0058I: Monitorando dropins para aplicativos.
[27/10/2021 20:54:01:822 BRT] 00000017 org.apache.cxf.bus.osgi.CXFActivator                         I Adding the extensions from bundle com.ibm.ws.org.apache.cxf.cxf.rt.bindings.soap.2.6.2 (92) [org.apache.cxf.binding.soap.SoapBindingFactory, org.apache.cxf.binding.soap.SoapTransportFactory]
[27/10/2021 20:54:01:824 BRT] 00000017 org.apache.cxf.bus.osgi.CXFActivator                         I Adding the extensions from bundle com.ibm.ws.org.apache.cxf.cxf.rt.bindings.xml.2.6.2 (93) [org.apache.cxf.binding.xml.XMLBindingFactory, org.apache.cxf.binding.xml.wsdl11.XMLWSDLExtensionLoader]
[27/10/2021 20:54:01:824 BRT] 00000017 org.apache.cxf.bus.osgi.CXFActivator                         I Adding the extensions from bundle com.ibm.ws.org.apache.cxf.cxf.rt.frontend.jaxws.2.6.2 (96) [org.apache.cxf.jaxws.context.WebServiceContextResourceResolver]
[27/10/2021 20:54:01:825 BRT] 00000017 org.apache.cxf.bus.osgi.CXFActivator                         I Adding the extensions from bundle com.ibm.ws.org.apache.cxf.cxf.rt.management.2.6.2 (98) [org.apache.cxf.management.InstrumentationManager]
[27/10/2021 20:54:01:826 BRT] 00000017 org.apache.cxf.bus.osgi.CXFActivator                         I Adding the extensions from bundle com.ibm.ws.org.apache.cxf.cxf.rt.transports.http.2.6.2 (99) [org.apache.cxf.transport.http.HTTPTransportFactory, org.apache.cxf.transport.http.HTTPWSDLExtensionLoader, org.apache.cxf.transport.http.policy.HTTPClientAssertionBuilder, org.apache.cxf.transport.http.policy.HTTPServerAssertionBuilder, org.apache.cxf.transport.http.policy.NoOpPolicyInterceptorProvider]
[27/10/2021 20:54:01:826 BRT] 00000017 org.apache.cxf.bus.osgi.CXFActivator                         I Adding the extensions from bundle com.ibm.ws.org.apache.cxf.cxf.rt.ws.addr.2.6.2 (100) [org.apache.cxf.ws.addressing.policy.AddressingAssertionBuilder, org.apache.cxf.ws.addressing.policy.UsingAddressingAssertionBuilder, org.apache.cxf.ws.addressing.policy.AddressingPolicyInterceptorProvider, org.apache.cxf.ws.addressing.impl.AddressingWSDLExtensionLoader, org.apache.cxf.ws.addressing.WSAddressingFeature$WSAddressingFeatureApplier, org.apache.cxf.ws.addressing.MAPAggregator$MAPAggregatorLoader]
[27/10/2021 20:54:01:827 BRT] 00000017 org.apache.cxf.bus.osgi.CXFActivator                         I Adding the extensions from bundle com.ibm.ws.org.apache.cxf.cxf.rt.ws.policy.2.6.2 (101) [org.apache.cxf.ws.policy.PolicyEngine, org.apache.cxf.policy.PolicyDataEngine, org.apache.cxf.ws.policy.AssertionBuilderRegistry, org.apache.cxf.ws.policy.PolicyInterceptorProviderRegistry, org.apache.cxf.ws.policy.PolicyBuilder, org.apache.cxf.ws.policy.PolicyAnnotationListener, org.apache.cxf.ws.policy.attachment.ServiceModelPolicyProvider, org.apache.cxf.ws.policy.attachment.external.DomainExpressionBuilderRegistry, org.apache.cxf.ws.policy.attachment.external.EndpointReferenceDomainExpressionBuilder, org.apache.cxf.ws.policy.attachment.wsdl11.Wsdl11AttachmentPolicyProvider, org.apache.cxf.ws.policy.mtom.MTOMAssertionBuilder, org.apache.cxf.ws.policy.mtom.MTOMPolicyInterceptorProvider]
[27/10/2021 20:54:02:046 BRT] 0000002c com.ibm.ws.app.manager.AppMessageHelper                      I CWWKZ0018I: Iniciando o aplicativo exerc2.
[27/10/2021 20:54:02:047 BRT] 0000002c bm.ws.app.manager.war.internal.WARDeployedAppInfoFactoryImpl I CWWKZ0134I: O aplicativo exerc2 está usando a definição de aplicativo indefinido no local /home/meridiane/Documentos/Dados/vscode/exerc2/target/liberty/wlp/usr/servers/exerc2/apps/exerc2.war.xml.
[27/10/2021 20:54:02:544 BRT] 0000002c com.ibm.ws.session.WASSessionCore                            I SESN8501I: O gerenciador de sessões não localizou um local de armazenamento persistente; objetos HttpSession serão armazenados na memória do servidor de aplicativos local.
[27/10/2021 20:54:02:549 BRT] 0000002c com.ibm.ws.webcontainer.osgi.webapp.WebGroup                 I SRVE0169I: Carregando o Módulo da Web: exerc2.
[27/10/2021 20:54:02:552 BRT] 0000002c com.ibm.ws.webcontainer                                      I SRVE0250I: O Módulo da Web exerc2 foi ligado ao default_host.
[27/10/2021 20:54:02:553 BRT] 0000002c com.ibm.ws.http.internal.VirtualHostImpl                     A CWWKT0016I: Aplicativo da Web disponível (default_host): http://localhost:9080/
[27/10/2021 20:54:02:579 BRT] 00000034 com.ibm.ws.webcontainer.osgi.mbeans.PluginGenerator          I SRVE9103I: Um arquivo de configuração para um plug-in de servidor da web foi automaticamente gerado para este servidor em /home/meridiane/Documentos/Dados/vscode/exerc2/target/liberty/wlp/usr/servers/exerc2/logs/state/plugin-cfg.xml.
[27/10/2021 20:54:02:610 BRT] 00000033 org.apache.cxf.management.jmx.InstrumentationManagerImpl     I registering MBean org.apache.cxf:bus.id=exerc2-Client-Bus,type=Bus,instance.id=25941121: org.apache.cxf.bus.ManagedBus@3eca6936
[27/10/2021 20:54:02:618 BRT] 00000033 org.apache.cxf.management.jmx.InstrumentationManagerImpl     I registered org.apache.cxf:bus.id=exerc2-Client-Bus,type=Bus,instance.id=25941121
[27/10/2021 20:54:02:656 BRT] 00000033 org.apache.cxf.management.jmx.InstrumentationManagerImpl     I registering MBean org.apache.cxf:bus.id=exerc2-Client-Bus,WorkQueueManager=Bus.WorkQueueManager,type=WorkQueueManager,instance.id=2047823375: org.apache.cxf.bus.managers.WorkQueueManagerImplMBeanWrapper@4467c2e8
[27/10/2021 20:54:02:689 BRT] 00000033 com.ibm.ws.session.WASSessionCore                            I SESN0176I: Um novo contexto de sessão será criado para a chave do aplicativo default_host/
[27/10/2021 20:54:02:695 BRT] 00000033 com.ibm.ws.util                                              I SESN0172I: O gerenciador de sessões está usando a implementação SecureRandom padrão Java para geração do ID de sessão.
[27/10/2021 20:54:02:716 BRT] 00000033 com.ibm.ws.app.manager.AppMessageHelper                      A CWWKZ0001I: O aplicativo exerc2 foi iniciado em 0,670 segundos.
[27/10/2021 20:54:02:730 BRT] 00000023 com.ibm.ws.tcpchannel.internal.TCPPort                       I CWWKO0219I: O Canal TCP defaultHttpEndpoint foi iniciado e agora está atendendo solicitações no host localhost  (IPv4: 127.0.0.1) porta 9080.
[27/10/2021 20:54:02:746 BRT] 00000023 com.ibm.ws.kernel.feature.internal.FeatureManager            A CWWKF0012I: O servidor instalou os recursos a seguir: [jaxb-2.2, jaxws-2.2, servlet-4.0].
[27/10/2021 20:54:02:747 BRT] 00000023 com.ibm.ws.kernel.feature.internal.FeatureManager            I CWWKF0008I: Atualização do recurso concluída em 1,325 segundos.
[27/10/2021 20:54:02:747 BRT] 00000023 com.ibm.ws.kernel.feature.internal.FeatureManager            A CWWKF0011I: O servidor exerc2 está pronto para gerenciar um planeta mais inteligente. O servidor exerc2 foi iniciado em 2,028 segundos.
[27/10/2021 20:54:05:099 BRT] 0000003a com.ibm.ws.http.internal.VirtualHostImpl                     A CWWKT0017I: Aplicativo da Web removido (default_host): http://localhost:9080/
[27/10/2021 20:54:05:115 BRT] 0000003a com.ibm.ws.app.manager.AppMessageHelper                      A CWWKZ0009I: O aplicativo exerc2 foi interrompido com sucesso.
[27/10/2021 20:54:05:122 BRT] 0000003a com.ibm.ws.app.manager.AppMessageHelper                      I CWWKZ0018I: Iniciando o aplicativo exerc2.
[27/10/2021 20:54:05:123 BRT] 0000003a bm.ws.app.manager.war.internal.WARDeployedAppInfoFactoryImpl I CWWKZ0134I: O aplicativo exerc2 está usando a definição de aplicativo indefinido no local /home/meridiane/Documentos/Dados/vscode/exerc2/target/liberty/wlp/usr/servers/exerc2/apps/exerc2.war.xml.
[27/10/2021 20:54:05:268 BRT] 0000003a com.ibm.ws.webcontainer.osgi.webapp.WebGroup                 I SRVE0169I: Carregando o Módulo da Web: exerc2.
[27/10/2021 20:54:05:268 BRT] 0000003a com.ibm.ws.webcontainer                                      I SRVE0250I: O Módulo da Web exerc2 foi ligado ao default_host.
[27/10/2021 20:54:05:268 BRT] 0000003a com.ibm.ws.http.internal.VirtualHostImpl                     A CWWKT0016I: Aplicativo da Web disponível (default_host): http://localhost:9080/
[27/10/2021 20:54:05:278 BRT] 0000002b org.apache.cxf.management.jmx.InstrumentationManagerImpl     I registering MBean org.apache.cxf:bus.id=exerc2-Client-Bus,type=Bus,instance.id=81492719: org.apache.cxf.bus.ManagedBus@29d3647b
[27/10/2021 20:54:05:280 BRT] 0000002b org.apache.cxf.management.jmx.InstrumentationManagerImpl     I registered org.apache.cxf:bus.id=exerc2-Client-Bus,type=Bus,instance.id=81492719
[27/10/2021 20:54:05:282 BRT] 0000002b org.apache.cxf.management.jmx.InstrumentationManagerImpl     I registering MBean org.apache.cxf:bus.id=exerc2-Client-Bus,WorkQueueManager=Bus.WorkQueueManager,type=WorkQueueManager,instance.id=1074553025: org.apache.cxf.bus.managers.WorkQueueManagerImplMBeanWrapper@1fdf762d
[27/10/2021 20:54:05:287 BRT] 0000002b com.ibm.ws.session.WASSessionCore                            I SESN0176I: Um novo contexto de sessão será criado para a chave do aplicativo default_host/
[27/10/2021 20:54:05:287 BRT] 0000002b com.ibm.ws.util                                              I SESN0172I: O gerenciador de sessões está usando a implementação SecureRandom padrão Java para geração do ID de sessão.
[27/10/2021 20:54:05:290 BRT] 0000002b com.ibm.ws.app.manager.AppMessageHelper                      A CWWKZ0003I: O aplicativo exerc2 foi atualizado em 0,168 segundos.
[27/10/2021 20:54:05:630 BRT] 0000002a com.ibm.ws.webcontainer.osgi.mbeans.PluginGenerator          I SRVE9103I: Um arquivo de configuração para um plug-in de servidor da web foi automaticamente gerado para este servidor em /home/meridiane/Documentos/Dados/vscode/exerc2/target/liberty/wlp/usr/servers/exerc2/logs/state/plugin-cfg.xml.
[27/10/2021 20:54:05:718 BRT] 0000002f com.ibm.ws.webcontainer.osgi.mbeans.PluginGenerator          I SRVE9103I: Um arquivo de configuração para um plug-in de servidor da web foi automaticamente gerado para este servidor em /home/meridiane/Documentos/Dados/vscode/exerc2/target/liberty/wlp/usr/servers/exerc2/logs/state/plugin-cfg.xml.
[27/10/2021 21:04:24:283 BRT] 00000013 com.ibm.ws.kernel.launch.internal.FrameworkManager           A CWWKE0085I: O servidor exerc2 está parando porque a JVM está saindo.
[27/10/2021 21:04:24:286 BRT] 0000003c com.ibm.ws.runtime.update.internal.RuntimeUpdateManagerImpl  A CWWKE1100I: Aguardando até 30 segundos para o servidor ser colocado em modo quiesce.
[27/10/2021 21:04:24:297 BRT] 0000002b com.ibm.ws.tcpchannel.internal.TCPChannel                    I CWWKO0220I: O Canal TCP defaultHttpEndpoint interrompeu o atendimento das solicitações no host localhost  (IPv4: 127.0.0.1) porta 9080.
[27/10/2021 21:04:24:299 BRT] 0000002b com.ibm.ws.http.internal.VirtualHostImpl                     A CWWKT0017I: Aplicativo da Web removido (default_host): http://localhost:9080/
[27/10/2021 21:04:24:549 BRT] 00000014 com.ibm.ws.kernel.launch.internal.ServerCommandListener      A CWWKE0055I: Encerramento do servidor solicitado em quarta-feira, 27 de outubro de 2021 às 21:04. O servidor exerc2 está sendo encerrado.
[27/10/2021 21:04:25:308 BRT] 0000003c com.ibm.ws.runtime.update.internal.RuntimeUpdateManagerImpl  I CWWKE1101I: Colocação em modo quiesce do servidor concluída.
[27/10/2021 21:04:25:345 BRT] 00000038 com.ibm.ws.app.manager.AppMessageHelper                      A CWWKZ0009I: O aplicativo exerc2 foi interrompido com sucesso.
[27/10/2021 21:04:25:683 BRT] 00000001 com.ibm.ws.kernel.launch.internal.FrameworkManager           A CWWKE0036I: O servidor exerc2 foi interrompido depois de 10 minutos, 24,963 segundos.
